<?xml version="1.0" encoding="UTF-8"?>
<!-- Generated by org.testng.reporters.JUnitReportReporter -->
<testsuite hostname="LAPTOP-7DL7U0J0" failures="0" tests="1" name="tests.LoginTest" time="18.607" errors="0" timestamp="2021-08-12T10:55:22 GMT+03:00" skipped="0">
  <testcase classname="tests.LoginTest" name="Login" time="18.607"/>
  <system-out/>
</testsuite> <!-- tests.LoginTest -->
