<?xml version="1.0" encoding="UTF-8"?>
<!-- Generated by org.testng.reporters.JUnitReportReporter -->
<testsuite hostname="LAPTOP-7DL7U0J0" failures="0" tests="1" name="runner.TestRunner" time="19.104" errors="0" timestamp="2021-08-12T13:57:12 GMT+03:00" skipped="0">
  <testcase classname="runner.TestRunner" name="feature" time="19.104"/>
  <system-out/>
</testsuite> <!-- runner.TestRunner -->
